In file included from [01m[K/home/stewie/Final/src/sentry_chassis_controller/src/sentry_chassis_controller.cpp:1[m[K:
[01m[K/home/stewie/Final/src/sentry_chassis_controller/include/sentry_chassis_controller/sentry_chassis_controller.h:[m[K In constructor â€˜[01m[Ksentry_chassis_controller::SentryChassisController::SentryChassisController()[m[Kâ€™:
[01m[K/home/stewie/Final/src/sentry_chassis_controller/include/sentry_chassis_controller/sentry_chassis_controller.h:97:10:[m[K [01;31m[Kerror: [m[Kâ€˜[01m[Ksentry_chassis_controller::SentryChassisController::lock_angle_[m[Kâ€™ will be initialized after [[01;31m[K-Werror=reorder[m[K]
   97 |   double [01;31m[Klock_angle_[m[K;
      |          [01;31m[K^~~~~~~~~~~[m[K
[01m[K/home/stewie/Final/src/sentry_chassis_controller/include/sentry_chassis_controller/sentry_chassis_controller.h:72:10:[m[K [01;31m[Kerror: [m[K  â€˜[01m[Kdouble sentry_chassis_controller::SentryChassisController::max_linear_acc_x_[m[Kâ€™ [[01;31m[K-Werror=reorder[m[K]
   72 |   double [01;31m[Kmax_linear_acc_x_[m[K;    // Xè½´æœ€å¤§çº¿åŠ é€Ÿåº¦
      |          [01;31m[K^~~~~~~~~~~~~~~~~[m[K
[01m[K/home/stewie/Final/src/sentry_chassis_controller/src/sentry_chassis_controller.cpp:9:1:[m[K [01;31m[Kerror: [m[K  when initialized here [[01;31m[K-Werror=reorder[m[K]
    9 | [01;31m[KSentryChassisController[m[K::SentryChassisController()//åˆå§‹åŒ–
      | [01;31m[K^~~~~~~~~~~~~~~~~~~~~~~[m[K
cc1plus: all warnings being treated as errors
make[2]: *** [CMakeFiles/sentry_chassis_controller.dir/build.make:63ï¼šCMakeFiles/sentry_chassis_controller.dir/src/sentry_chassis_controller.cpp.o] é”™è¯¯ 1
make[1]: *** [CMakeFiles/Makefile2:466ï¼šCMakeFiles/sentry_chassis_controller.dir/all] é”™è¯¯ 2
make: *** [Makefile:141ï¼šall] é”™è¯¯ 2
